<?xml version="1.0" encoding="UTF-8"?>
<!-- Generated by org.testng.reporters.JUnitReportReporter -->
<testsuite hostname="LAPTOP-CEI7N6AV" failures="0" tests="1" name="com.adi.runner" time="68.177" errors="0" timestamp="2022-01-24T01:32:44 CET" skipped="0">
  <testcase classname="com.adi.runner" name="runScenario" time="68.177"/>
  <system-out/>
</testsuite> <!-- com.adi.runner -->
